<?xml version="1.0" encoding="UTF-8"?>
<!-- Generated by org.testng.reporters.JUnitReportReporter -->
<testsuite skipped="0" hostname="DESKTOP-979LFVD" name="Test.SampleTesting" tests="1" failures="0" timestamp="25 Jul 2018 15:19:05 GMT" time="0.012" errors="0">
  <testcase name="uploadtest" time="0.012" classname="Test.SampleTesting"/>
</testsuite> <!-- Test.SampleTesting -->
